[ 2016-04-11T09:50:33+08:00 ] 127.0.0.1 /
INFO: [ app_init ] --START--
INFO: Run Behavior\BuildLiteBehavior [ RunTime:0.000000s ]
INFO: [ app_init ] --END-- [ RunTime:0.001000s ]

[ 2016-04-11T09:50:46+08:00 ] 127.0.0.1 /index.php/home/index/index
INFO: [ app_init ] --START--
INFO: Run Behavior\BuildLiteBehavior [ RunTime:0.000000s ]
INFO: [ app_init ] --END-- [ RunTime:0.000000s ]

[ 2016-04-11T09:50:49+08:00 ] 127.0.0.1 /index.php/home/index/autoLoad
INFO: [ app_init ] --START--
INFO: Run Behavior\BuildLiteBehavior [ RunTime:0.000000s ]
INFO: [ app_init ] --END-- [ RunTime:0.000000s ]
ERR: 模板不存在:./Application/Home/View/Index/index.html

[ 2016-04-11T09:51:18+08:00 ] 127.0.0.1 /index.php/home/index/autoLoad
INFO: [ app_init ] --START--
INFO: Run Behavior\BuildLiteBehavior [ RunTime:0.000000s ]
INFO: [ app_init ] --END-- [ RunTime:0.000000s ]

[ 2016-04-11T09:51:42+08:00 ] 127.0.0.1 /index.php/home/index/autoLoad
INFO: [ app_init ] --START--
INFO: Run Behavior\BuildLiteBehavior [ RunTime:0.000000s ]
INFO: [ app_init ] --END-- [ RunTime:0.003000s ]

[ 2016-04-11T09:54:25+08:00 ] 127.0.0.1 /index.php/home/index/autoLoad
INFO: [ app_init ] --START--
INFO: Run Behavior\BuildLiteBehavior [ RunTime:0.000000s ]
INFO: [ app_init ] --END-- [ RunTime:0.000000s ]

[ 2016-04-11T09:54:25+08:00 ] 127.0.0.1 /index.php/Home/index/demo
INFO: [ app_init ] --START--
INFO: Run Behavior\BuildLiteBehavior [ RunTime:0.000000s ]
INFO: [ app_init ] --END-- [ RunTime:0.000000s ]

[ 2016-04-11T09:54:31+08:00 ] 127.0.0.1 /index.php/home/index/autoLoad
INFO: [ app_init ] --START--
INFO: Run Behavior\BuildLiteBehavior [ RunTime:0.000000s ]
INFO: [ app_init ] --END-- [ RunTime:0.000000s ]

[ 2016-04-11T09:54:31+08:00 ] 127.0.0.1 /index.php/Home/index/demo
INFO: [ app_init ] --START--
INFO: Run Behavior\BuildLiteBehavior [ RunTime:0.000000s ]
INFO: [ app_init ] --END-- [ RunTime:0.000000s ]

[ 2016-04-11T09:54:32+08:00 ] 127.0.0.1 /index.php/home/index/autoLoad
INFO: [ app_init ] --START--
INFO: Run Behavior\BuildLiteBehavior [ RunTime:0.000000s ]
INFO: [ app_init ] --END-- [ RunTime:0.000000s ]

[ 2016-04-11T09:54:32+08:00 ] 127.0.0.1 /index.php/Home/index/demo
INFO: [ app_init ] --START--
INFO: Run Behavior\BuildLiteBehavior [ RunTime:0.001000s ]
INFO: [ app_init ] --END-- [ RunTime:0.001000s ]

[ 2016-04-11T09:55:06+08:00 ] 127.0.0.1 /index.php/home/index/autoLoad
INFO: [ app_init ] --START--
INFO: Run Behavior\BuildLiteBehavior [ RunTime:0.000000s ]
INFO: [ app_init ] --END-- [ RunTime:0.000000s ]

[ 2016-04-11T09:55:07+08:00 ] 127.0.0.1 /index.php/Home/index/demo
INFO: [ app_init ] --START--
INFO: Run Behavior\BuildLiteBehavior [ RunTime:0.000000s ]
INFO: [ app_init ] --END-- [ RunTime:0.000000s ]

[ 2016-04-11T09:55:32+08:00 ] 127.0.0.1 /index.php/home/index/autoLoad
INFO: [ app_init ] --START--
INFO: Run Behavior\BuildLiteBehavior [ RunTime:0.000000s ]
INFO: [ app_init ] --END-- [ RunTime:0.001000s ]

[ 2016-04-11T09:55:32+08:00 ] 127.0.0.1 /index.php/Home/index/demo
INFO: [ app_init ] --START--
INFO: Run Behavior\BuildLiteBehavior [ RunTime:0.000000s ]
INFO: [ app_init ] --END-- [ RunTime:0.000000s ]

[ 2016-04-11T09:55:39+08:00 ] 127.0.0.1 /index.php/Home/index/demo
INFO: [ app_init ] --START--
INFO: Run Behavior\BuildLiteBehavior [ RunTime:0.000000s ]
INFO: [ app_init ] --END-- [ RunTime:0.001000s ]

[ 2016-04-11T09:56:47+08:00 ] 127.0.0.1 /index.php/home/index/autoLoad
INFO: [ app_init ] --START--
INFO: Run Behavior\BuildLiteBehavior [ RunTime:0.000000s ]
INFO: [ app_init ] --END-- [ RunTime:0.001000s ]

[ 2016-04-11T09:56:47+08:00 ] 127.0.0.1 /index.php/Home/index/demo
INFO: [ app_init ] --START--
INFO: Run Behavior\BuildLiteBehavior [ RunTime:0.000000s ]
INFO: [ app_init ] --END-- [ RunTime:0.001000s ]
ERR: 1146:Table 'test.t' doesn't exist
 [ SQL语句 ] : SHOW COLUMNS FROM `t`
ERR: 1146:Table 'test.t' doesn't exist
 [ SQL语句 ] : SELECT * FROM `t` 

[ 2016-04-11T09:56:53+08:00 ] 127.0.0.1 /index.php/Home/index/demo
INFO: [ app_init ] --START--
INFO: Run Behavior\BuildLiteBehavior [ RunTime:0.000000s ]
INFO: [ app_init ] --END-- [ RunTime:0.000000s ]
ERR: 1146:Table 'test.t' doesn't exist
 [ SQL语句 ] : SHOW COLUMNS FROM `t`
ERR: 1146:Table 'test.t' doesn't exist
 [ SQL语句 ] : SELECT * FROM `t` 

[ 2016-04-11T09:57:12+08:00 ] 127.0.0.1 /index.php/Home/index/demo
INFO: [ app_init ] --START--
INFO: Run Behavior\BuildLiteBehavior [ RunTime:0.000000s ]
INFO: [ app_init ] --END-- [ RunTime:0.001000s ]
ERR: 1146:Table 'test.t' doesn't exist
 [ SQL语句 ] : SHOW COLUMNS FROM `t`

[ 2016-04-11T09:57:29+08:00 ] 127.0.0.1 /index.php/Home/index/demo
INFO: [ app_init ] --START--
INFO: Run Behavior\BuildLiteBehavior [ RunTime:0.000000s ]
INFO: [ app_init ] --END-- [ RunTime:0.001000s ]
ERR: 1146:Table 'test.t' doesn't exist
 [ SQL语句 ] : SHOW COLUMNS FROM `t`
ERR: 1146:Table 'test.t' doesn't exist
 [ SQL语句 ] : SELECT * FROM `t` 

[ 2016-04-11T09:57:30+08:00 ] 127.0.0.1 /index.php/Home/index/demo
INFO: [ app_init ] --START--
INFO: Run Behavior\BuildLiteBehavior [ RunTime:0.000000s ]
INFO: [ app_init ] --END-- [ RunTime:0.000000s ]
ERR: 1146:Table 'test.t' doesn't exist
 [ SQL语句 ] : SHOW COLUMNS FROM `t`
ERR: 1146:Table 'test.t' doesn't exist
 [ SQL语句 ] : SELECT * FROM `t` 

[ 2016-04-11T09:57:30+08:00 ] 127.0.0.1 /index.php/Home/index/demo
INFO: [ app_init ] --START--
INFO: Run Behavior\BuildLiteBehavior [ RunTime:0.000000s ]
INFO: [ app_init ] --END-- [ RunTime:0.001000s ]
ERR: 1146:Table 'test.t' doesn't exist
 [ SQL语句 ] : SHOW COLUMNS FROM `t`
ERR: 1146:Table 'test.t' doesn't exist
 [ SQL语句 ] : SELECT * FROM `t` 

[ 2016-04-11T09:57:49+08:00 ] 127.0.0.1 /index.php/Home/index/demo
INFO: [ app_init ] --START--
INFO: Run Behavior\BuildLiteBehavior [ RunTime:0.000000s ]
INFO: [ app_init ] --END-- [ RunTime:0.000000s ]
ERR: 1146:Table 'test.t' doesn't exist
 [ SQL语句 ] : SHOW COLUMNS FROM `t`
ERR: 1146:Table 'test.t' doesn't exist
 [ SQL语句 ] : SELECT * FROM `t` 

[ 2016-04-11T09:58:01+08:00 ] 127.0.0.1 /index.php/Home/index/demo
INFO: [ app_init ] --START--
INFO: Run Behavior\BuildLiteBehavior [ RunTime:0.000000s ]
INFO: [ app_init ] --END-- [ RunTime:0.001000s ]
ERR: 1146:Table 'test.t' doesn't exist
 [ SQL语句 ] : SHOW COLUMNS FROM `t`
ERR: 1146:Table 'test.t' doesn't exist
 [ SQL语句 ] : SELECT * FROM `t` 

[ 2016-04-11T09:58:39+08:00 ] 127.0.0.1 /
INFO: [ app_init ] --START--
INFO: Run Behavior\BuildLiteBehavior [ RunTime:0.001000s ]
INFO: [ app_init ] --END-- [ RunTime:0.001000s ]

[ 2016-04-11T09:58:51+08:00 ] 127.0.0.1 /index.php/Home/index/demo
INFO: [ app_init ] --START--
INFO: Run Behavior\BuildLiteBehavior [ RunTime:0.000000s ]
INFO: [ app_init ] --END-- [ RunTime:0.001000s ]
ERR: 1146:Table 'test.t' doesn't exist
 [ SQL语句 ] : SHOW COLUMNS FROM `t`
ERR: 1146:Table 'test.t' doesn't exist
 [ SQL语句 ] : SELECT * FROM `t` 

[ 2016-04-11T09:59:29+08:00 ] 127.0.0.1 /index.php/Home/index/demo
INFO: [ app_init ] --START--
INFO: Run Behavior\BuildLiteBehavior [ RunTime:0.000000s ]
INFO: [ app_init ] --END-- [ RunTime:0.000000s ]

[ 2016-04-11T10:01:44+08:00 ] 127.0.0.1 /index.php/Home/index/demo
INFO: [ app_init ] --START--
INFO: Run Behavior\BuildLiteBehavior [ RunTime:0.000000s ]
INFO: [ app_init ] --END-- [ RunTime:0.001000s ]

[ 2016-04-11T10:01:44+08:00 ] 127.0.0.1 /index.php/home/index/autoLoad
INFO: [ app_init ] --START--
INFO: Run Behavior\BuildLiteBehavior [ RunTime:0.000000s ]
INFO: [ app_init ] --END-- [ RunTime:0.000000s ]

[ 2016-04-11T10:05:36+08:00 ] 127.0.0.1 /index.php/Home/index/demo
INFO: [ app_init ] --START--
INFO: Run Behavior\BuildLiteBehavior [ RunTime:0.000000s ]
INFO: [ app_init ] --END-- [ RunTime:0.000000s ]

[ 2016-04-11T10:05:36+08:00 ] 127.0.0.1 /index.php/home/index/autoLoad
INFO: [ app_init ] --START--
INFO: Run Behavior\BuildLiteBehavior [ RunTime:0.000000s ]
INFO: [ app_init ] --END-- [ RunTime:0.001000s ]

[ 2016-04-11T10:05:36+08:00 ] 127.0.0.1 /index.php/home/index/autoLoad
INFO: [ app_init ] --START--
INFO: Run Behavior\BuildLiteBehavior [ RunTime:0.000000s ]
INFO: [ app_init ] --END-- [ RunTime:0.000000s ]

[ 2016-04-11T10:06:24+08:00 ] 127.0.0.1 /index.php/Home/index/demo
INFO: [ app_init ] --START--
INFO: Run Behavior\BuildLiteBehavior [ RunTime:0.000000s ]
INFO: [ app_init ] --END-- [ RunTime:0.000000s ]

[ 2016-04-11T10:06:24+08:00 ] 127.0.0.1 /index.php/home/index/autoLoad
INFO: [ app_init ] --START--
INFO: Run Behavior\BuildLiteBehavior [ RunTime:0.000000s ]
INFO: [ app_init ] --END-- [ RunTime:0.000000s ]

[ 2016-04-11T10:06:50+08:00 ] 127.0.0.1 /index.php/Home/index/demo
INFO: [ app_init ] --START--
INFO: Run Behavior\BuildLiteBehavior [ RunTime:0.000000s ]
INFO: [ app_init ] --END-- [ RunTime:0.000000s ]

[ 2016-04-11T10:06:50+08:00 ] 127.0.0.1 /index.php/home/index/autoLoad
INFO: [ app_init ] --START--
INFO: Run Behavior\BuildLiteBehavior [ RunTime:0.000000s ]
INFO: [ app_init ] --END-- [ RunTime:0.000000s ]

[ 2016-04-11T10:07:21+08:00 ] 127.0.0.1 /index.php/Home/index/demo
INFO: [ app_init ] --START--
INFO: Run Behavior\BuildLiteBehavior [ RunTime:0.000000s ]
INFO: [ app_init ] --END-- [ RunTime:0.000000s ]

[ 2016-04-11T10:07:21+08:00 ] 127.0.0.1 /index.php/home/index/autoLoad
INFO: [ app_init ] --START--
INFO: Run Behavior\BuildLiteBehavior [ RunTime:0.000000s ]
INFO: [ app_init ] --END-- [ RunTime:0.001000s ]

[ 2016-04-11T10:07:35+08:00 ] 127.0.0.1 /index.php/Home/index/demo
INFO: [ app_init ] --START--
INFO: Run Behavior\BuildLiteBehavior [ RunTime:0.000000s ]
INFO: [ app_init ] --END-- [ RunTime:0.000000s ]

[ 2016-04-11T10:07:35+08:00 ] 127.0.0.1 /index.php/home/index/autoLoad
INFO: [ app_init ] --START--
INFO: Run Behavior\BuildLiteBehavior [ RunTime:0.000000s ]
INFO: [ app_init ] --END-- [ RunTime:0.000000s ]

[ 2016-04-11T10:11:30+08:00 ] 127.0.0.1 /index.php/home/index/autoLoad
INFO: [ app_init ] --START--
INFO: Run Behavior\BuildLiteBehavior [ RunTime:0.000000s ]
INFO: [ app_init ] --END-- [ RunTime:0.000000s ]

[ 2016-04-11T10:11:31+08:00 ] 127.0.0.1 /index.php/Home/index/demo
INFO: [ app_init ] --START--
INFO: Run Behavior\BuildLiteBehavior [ RunTime:0.000000s ]
INFO: [ app_init ] --END-- [ RunTime:0.001000s ]

[ 2016-04-11T10:11:34+08:00 ] 127.0.0.1 /index.php/Home/index/demo
INFO: [ app_init ] --START--
INFO: Run Behavior\BuildLiteBehavior [ RunTime:0.000000s ]
INFO: [ app_init ] --END-- [ RunTime:0.001000s ]

[ 2016-04-11T10:11:34+08:00 ] 127.0.0.1 /index.php/Home/index/demo
INFO: [ app_init ] --START--
INFO: Run Behavior\BuildLiteBehavior [ RunTime:0.000000s ]
INFO: [ app_init ] --END-- [ RunTime:0.001000s ]

[ 2016-04-11T10:12:01+08:00 ] 127.0.0.1 /index.php/Home/index/autoLoad
INFO: [ app_init ] --START--
INFO: Run Behavior\BuildLiteBehavior [ RunTime:0.000000s ]
INFO: [ app_init ] --END-- [ RunTime:0.001000s ]

[ 2016-04-11T10:14:58+08:00 ] 127.0.0.1 /index.php/Home/index/demo
INFO: [ app_init ] --START--
INFO: Run Behavior\BuildLiteBehavior [ RunTime:0.000000s ]
INFO: [ app_init ] --END-- [ RunTime:0.000000s ]

[ 2016-04-11T10:15:26+08:00 ] 127.0.0.1 /index.php/Home/index/demo
INFO: [ app_init ] --START--
INFO: Run Behavior\BuildLiteBehavior [ RunTime:0.000000s ]
INFO: [ app_init ] --END-- [ RunTime:0.001000s ]

[ 2016-04-11T10:18:01+08:00 ] 127.0.0.1 /index.php/Home/index/demo
INFO: [ app_init ] --START--
INFO: Run Behavior\BuildLiteBehavior [ RunTime:0.000000s ]
INFO: [ app_init ] --END-- [ RunTime:0.000000s ]

[ 2016-04-11T10:18:01+08:00 ] 127.0.0.1 /index.php/Home/index/autoLoad
INFO: [ app_init ] --START--
INFO: Run Behavior\BuildLiteBehavior [ RunTime:0.000000s ]
INFO: [ app_init ] --END-- [ RunTime:0.000000s ]

[ 2016-04-11T10:19:19+08:00 ] 127.0.0.1 /index.php/Home/index/autoLoad
INFO: [ app_init ] --START--
INFO: Run Behavior\BuildLiteBehavior [ RunTime:0.000000s ]
INFO: [ app_init ] --END-- [ RunTime:0.000000s ]

[ 2016-04-11T10:19:20+08:00 ] 127.0.0.1 /index.php/Home/index/demo
INFO: [ app_init ] --START--
INFO: Run Behavior\BuildLiteBehavior [ RunTime:0.000000s ]
INFO: [ app_init ] --END-- [ RunTime:0.001000s ]

[ 2016-04-11T10:19:43+08:00 ] 127.0.0.1 /index.php/Home/index/autoLoad
INFO: [ app_init ] --START--
INFO: Run Behavior\BuildLiteBehavior [ RunTime:0.000000s ]
INFO: [ app_init ] --END-- [ RunTime:0.001000s ]

[ 2016-04-11T10:19:45+08:00 ] 127.0.0.1 /index.php/Home/index/demo
INFO: [ app_init ] --START--
INFO: Run Behavior\BuildLiteBehavior [ RunTime:0.000000s ]
INFO: [ app_init ] --END-- [ RunTime:0.001000s ]

[ 2016-04-11T10:20:40+08:00 ] 127.0.0.1 /index.php/Home/index/autoLoad
INFO: [ app_init ] --START--
INFO: Run Behavior\BuildLiteBehavior [ RunTime:0.000000s ]
INFO: [ app_init ] --END-- [ RunTime:0.000000s ]

[ 2016-04-11T10:20:41+08:00 ] 127.0.0.1 /index.php/Home/index/demo
INFO: [ app_init ] --START--
INFO: Run Behavior\BuildLiteBehavior [ RunTime:0.000000s ]
INFO: [ app_init ] --END-- [ RunTime:0.001000s ]

[ 2016-04-11T10:34:28+08:00 ] 127.0.0.1 /index.php/Home/index/demo
INFO: [ app_init ] --START--
INFO: Run Behavior\BuildLiteBehavior [ RunTime:0.000000s ]
INFO: [ app_init ] --END-- [ RunTime:0.000000s ]

[ 2016-04-11T11:14:40+08:00 ] 127.0.0.1 /index.php/Home/index/autoLoad
INFO: [ app_init ] --START--
INFO: Run Behavior\BuildLiteBehavior [ RunTime:0.000000s ]
INFO: [ app_init ] --END-- [ RunTime:0.000000s ]

[ 2016-04-11T11:14:55+08:00 ] 127.0.0.1 /index.php/Home/index/demo
INFO: [ app_init ] --START--
INFO: Run Behavior\BuildLiteBehavior [ RunTime:0.000000s ]
INFO: [ app_init ] --END-- [ RunTime:0.001000s ]

[ 2016-04-11T11:15:49+08:00 ] 127.0.0.1 /index.php/Home/index/autoLoad
INFO: [ app_init ] --START--
INFO: Run Behavior\BuildLiteBehavior [ RunTime:0.000000s ]
INFO: [ app_init ] --END-- [ RunTime:0.001000s ]

[ 2016-04-11T11:51:14+08:00 ] 127.0.0.1 /index.php/Home/index/demo
INFO: [ app_init ] --START--
INFO: Run Behavior\BuildLiteBehavior [ RunTime:0.000000s ]
INFO: [ app_init ] --END-- [ RunTime:0.001000s ]

